{"level":"info","message":"Hello from Aquisitions Service","service":"acquisitions-api"}
{"level":"info","message":"::1 - - [18/Oct/2025:00:42:15 +0000] \"GET / HTTP/1.1\" 304 - \"-\" \"Mozilla/5.0 (Windows NT 10.0; Win64; x64) AppleWebKit/537.36 (KHTML, like Gecko) Chrome/141.0.0.0 Safari/537.36\"","service":"acquisitions-api"}
{"level":"info","message":"::1 - - [18/Oct/2025:01:02:25 +0000] \"GET /api/auth/sign-in HTTP/1.1\" 404 155 \"-\" \"Mozilla/5.0 (Windows NT 10.0; Win64; x64) AppleWebKit/537.36 (KHTML, like Gecko) Chrome/141.0.0.0 Safari/537.36\"","service":"acquisitions-api"}
{"level":"info","message":"::1 - - [18/Oct/2025:01:02:51 +0000] \"GET /api/auth/sign-in HTTP/1.1\" 200 32 \"-\" \"Mozilla/5.0 (Windows NT 10.0; Win64; x64) AppleWebKit/537.36 (KHTML, like Gecko) Chrome/141.0.0.0 Safari/537.36\"","service":"acquisitions-api"}
{"level":"info","message":"::1 - - [18/Oct/2025:01:03:48 +0000] \"GET /api/auth/sign-up HTTP/1.1\" 200 32 \"-\" \"Mozilla/5.0 (Windows NT 10.0; Win64; x64) AppleWebKit/537.36 (KHTML, like Gecko) Chrome/141.0.0.0 Safari/537.36\"","service":"acquisitions-api"}
{"level":"info","message":"Hello from Aquisitions Service","service":"acquisitions-api"}
{"level":"info","message":"::1 - - [18/Oct/2025:10:14:01 +0000] \"GET / HTTP/1.1\" 200 30 \"-\" \"HTTPie\"","service":"acquisitions-api"}
{"level":"info","message":"::1 - - [18/Oct/2025:10:14:19 +0000] \"GET /sign-up HTTP/1.1\" 404 146 \"-\" \"HTTPie\"","service":"acquisitions-api"}
{"level":"info","message":"::1 - - [18/Oct/2025:10:15:37 +0000] \"GET /api/auth/sign-up HTTP/1.1\" 400 59 \"-\" \"HTTPie\"","service":"acquisitions-api"}
{"level":"info","message":"::1 - - [18/Oct/2025:10:16:08 +0000] \"POST /api/auth/sign-up HTTP/1.1\" 400 59 \"-\" \"HTTPie\"","service":"acquisitions-api"}
{"level":"info","message":"::1 - - [18/Oct/2025:10:18:04 +0000] \"POST /api/auth/sign-up?email=koinyan%40gmail.com HTTP/1.1\" 400 59 \"-\" \"HTTPie\"","service":"acquisitions-api"}
{"level":"info","message":"::1 - - [18/Oct/2025:10:40:37 +0000] \"POST /api/auth/sign-up HTTP/1.1\" 400 59 \"-\" \"HTTPie\"","service":"acquisitions-api"}
{"level":"info","message":"::1 - - [18/Oct/2025:10:42:24 +0000] \"POST /api/auth/sign-up HTTP/1.1\" 500 1494 \"-\" \"HTTPie\"","service":"acquisitions-api"}
{"level":"info","message":"::1 - - [18/Oct/2025:10:43:47 +0000] \"POST /api/auth/sign-up HTTP/1.1\" 500 1494 \"-\" \"HTTPie\"","service":"acquisitions-api"}
{"level":"info","message":"::1 - - [18/Oct/2025:10:44:49 +0000] \"POST /api/auth/sign-up HTTP/1.1\" 201 99 \"-\" \"HTTPie\"","service":"acquisitions-api"}
{"level":"error","message":"Registration successful: koiny@gmail.com","service":"acquisitions-api"}
{"level":"info","message":"::1 - - [18/Oct/2025:10:46:20 +0000] \"POST /api/auth/sign-up HTTP/1.1\" 201 99 \"-\" \"HTTPie\"","service":"acquisitions-api"}
{"level":"info","message":"Registration successful: koiny@gmail.com","service":"acquisitions-api"}
{"level":"info","message":"::1 - - [18/Oct/2025:10:47:14 +0000] \"POST /api/auth/sign-up HTTP/1.1\" 201 99 \"-\" \"HTTPie\"","service":"acquisitions-api"}
{"level":"info","message":"::1 - - [18/Oct/2025:10:47:29 +0000] \"POST /api/auth/sign-up HTTP/1.1\" 400 59 \"-\" \"HTTPie\"","service":"acquisitions-api"}
{"level":"info","message":"::1 - - [18/Oct/2025:10:47:38 +0000] \"POST /api/auth/sign-up HTTP/1.1\" 400 59 \"-\" \"HTTPie\"","service":"acquisitions-api"}
{"level":"info","message":"::1 - - [18/Oct/2025:23:42:44 +0000] \"POST /api HTTP/1.1\" 404 143 \"-\" \"HTTPie\"","service":"acquisitions-api"}
{"level":"info","message":"::1 - - [18/Oct/2025:23:43:43 +0000] \"GET /api HTTP/1.1\" 200 44 \"-\" \"HTTPie\"","service":"acquisitions-api"}
{"level":"error","message":"Failed to create user: Error: Failed query: select \"id\", \"name\", \"email\", \"password\", \"role\", \"created_at\", \"updated_at\" from \"users\" where \"users\".\"email\" = $1 limit $2\nparams: nelson.koinyan@example.com,1","service":"acquisitions-api"}
{"level":"error","message":"Sign up error Failed to create user: Error: Failed query: select \"id\", \"name\", \"email\", \"password\", \"role\", \"created_at\", \"updated_at\" from \"users\" where \"users\".\"email\" = $1 limit $2\nparams: nelson.koinyan@example.com,1","service":"acquisitions-api","stack":"Error: Failed to create user: Error: Failed query: select \"id\", \"name\", \"email\", \"password\", \"role\", \"created_at\", \"updated_at\" from \"users\" where \"users\".\"email\" = $1 limit $2\nparams: nelson.koinyan@example.com,1\n    at createUser (file:///C:/Users/Dell/OneDrive/Desktop/nelson/Back-end/aquisation-api/src/services/auth.service.js:35:11)\n    at process.processTicksAndRejections (node:internal/process/task_queues:95:5)\n    at async signUp (file:///C:/Users/Dell/OneDrive/Desktop/nelson/Back-end/aquisation-api/src/controllers/auth.controller.js:17:18)"}
{"level":"info","message":"::1 - - [18/Oct/2025:23:44:27 +0000] \"POST /api/auth/sign-up HTTP/1.1\" 500 822 \"-\" \"HTTPie\"","service":"acquisitions-api"}
{"level":"error","message":"Failed to create user: Error: Failed query: select \"id\", \"name\", \"email\", \"password\", \"role\", \"created_at\", \"updated_at\" from \"users\" where \"users\".\"email\" = $1 limit $2\nparams: usman.bello@example.com,1","service":"acquisitions-api"}
{"level":"error","message":"Sign up error Failed to create user: Error: Failed query: select \"id\", \"name\", \"email\", \"password\", \"role\", \"created_at\", \"updated_at\" from \"users\" where \"users\".\"email\" = $1 limit $2\nparams: usman.bello@example.com,1","service":"acquisitions-api","stack":"Error: Failed to create user: Error: Failed query: select \"id\", \"name\", \"email\", \"password\", \"role\", \"created_at\", \"updated_at\" from \"users\" where \"users\".\"email\" = $1 limit $2\nparams: usman.bello@example.com,1\n    at createUser (file:///C:/Users/Dell/OneDrive/Desktop/nelson/Back-end/aquisation-api/src/services/auth.service.js:35:11)\n    at process.processTicksAndRejections (node:internal/process/task_queues:95:5)\n    at async signUp (file:///C:/Users/Dell/OneDrive/Desktop/nelson/Back-end/aquisation-api/src/controllers/auth.controller.js:17:18)"}
{"level":"info","message":"::1 - - [18/Oct/2025:23:47:24 +0000] \"POST /api/auth/sign-up HTTP/1.1\" 500 819 \"-\" \"HTTPie\"","service":"acquisitions-api"}
{"level":"error","message":"Failed to create user: Error: Failed query: select \"id\", \"name\", \"email\", \"password\", \"role\", \"created_at\", \"updated_at\" from \"users\" where \"users\".\"email\" = $1 limit $2\nparams: usman.bello@example.com,1","service":"acquisitions-api"}
{"level":"error","message":"Sign up error Failed to create user: Error: Failed query: select \"id\", \"name\", \"email\", \"password\", \"role\", \"created_at\", \"updated_at\" from \"users\" where \"users\".\"email\" = $1 limit $2\nparams: usman.bello@example.com,1","service":"acquisitions-api","stack":"Error: Failed to create user: Error: Failed query: select \"id\", \"name\", \"email\", \"password\", \"role\", \"created_at\", \"updated_at\" from \"users\" where \"users\".\"email\" = $1 limit $2\nparams: usman.bello@example.com,1\n    at createUser (file:///C:/Users/Dell/OneDrive/Desktop/nelson/Back-end/aquisation-api/src/services/auth.service.js:35:11)\n    at process.processTicksAndRejections (node:internal/process/task_queues:95:5)\n    at async signUp (file:///C:/Users/Dell/OneDrive/Desktop/nelson/Back-end/aquisation-api/src/controllers/auth.controller.js:17:18)"}
{"level":"info","message":"::1 - - [19/Oct/2025:11:30:06 +0000] \"POST /api/auth/sign-up HTTP/1.1\" 500 819 \"-\" \"HTTPie\"","service":"acquisitions-api"}
{"level":"info","message":"User usman.bello@example.com successfully created","service":"acquisitions-api"}
{"level":"info","message":"Registration successful: usman.bello@example.com","service":"acquisitions-api"}
{"level":"info","message":"::1 - - [19/Oct/2025:11:43:47 +0000] \"POST /api/auth/sign-up HTTP/1.1\" 201 111 \"-\" \"HTTPie\"","service":"acquisitions-api"}
{"level":"info","message":"User nelson.koinyan@example.com successfully created","service":"acquisitions-api"}
{"level":"info","message":"Registration successful: nelson.koinyan@example.com","service":"acquisitions-api"}
{"level":"info","message":"::1 - - [19/Oct/2025:11:44:27 +0000] \"POST /api/auth/sign-up HTTP/1.1\" 201 118 \"-\" \"HTTPie\"","service":"acquisitions-api"}
{"level":"error","message":"Failed to create user: Error: Failed query: select \"id\", \"name\", \"email\", \"password\", \"role\", \"created_at\", \"updated_at\" from \"users\" where \"users\".\"email\" = $1 limit $2\nparams: nelson.koinyan@example.com,1","service":"acquisitions-api"}
{"level":"error","message":"Sign up error Failed to create user: Error: Failed query: select \"id\", \"name\", \"email\", \"password\", \"role\", \"created_at\", \"updated_at\" from \"users\" where \"users\".\"email\" = $1 limit $2\nparams: nelson.koinyan@example.com,1","service":"acquisitions-api","stack":"Error: Failed to create user: Error: Failed query: select \"id\", \"name\", \"email\", \"password\", \"role\", \"created_at\", \"updated_at\" from \"users\" where \"users\".\"email\" = $1 limit $2\nparams: nelson.koinyan@example.com,1\n    at createUser (file:///C:/Users/Dell/OneDrive/Desktop/nelson/Back-end/aquisation-api/src/services/auth.service.js:36:11)\n    at process.processTicksAndRejections (node:internal/process/task_queues:95:5)\n    at async signUp (file:///C:/Users/Dell/OneDrive/Desktop/nelson/Back-end/aquisation-api/src/controllers/auth.controller.js:18:18)"}
{"level":"info","message":"::1 - - [19/Oct/2025:12:04:58 +0000] \"POST /api/auth/sign-up HTTP/1.1\" 500 822 \"-\" \"HTTPie\"","service":"acquisitions-api"}
{"level":"error","message":"Failed to fetch users: Error: Failed query: select \"id\", \"name\", \"email\", \"password\", \"role\", \"created_at\", \"updated_at\" from \"users\"\nparams: ","service":"acquisitions-api"}
{"level":"info","message":"::1 - - [19/Oct/2025:12:08:27 +0000] \"GET /api/auth/users HTTP/1.1\" 500 590 \"-\" \"HTTPie\"","service":"acquisitions-api"}
{"level":"info","message":"Fetched all users, count: 2","service":"acquisitions-api"}
{"level":"info","message":"::1 - - [19/Oct/2025:13:46:28 +0000] \"GET /api/auth/users HTTP/1.1\" - - \"-\" \"HTTPie\"","service":"acquisitions-api"}
{"level":"info","message":"Hello from Aquisitions Service","service":"acquisitions-api"}
{"level":"info","message":"::1 - - [19/Oct/2025:13:46:48 +0000] \"GET / HTTP/1.1\" 304 - \"-\" \"Mozilla/5.0 (Windows NT 10.0; Win64; x64) AppleWebKit/537.36 (KHTML, like Gecko) Chrome/141.0.0.0 Safari/537.36\"","service":"acquisitions-api"}
{"level":"info","message":"Fetched all users, count: 2","service":"acquisitions-api"}
{"level":"info","message":"::1 - - [19/Oct/2025:13:48:51 +0000] \"GET /api/auth/users HTTP/1.1\" - - \"-\" \"Mozilla/5.0 (Windows NT 10.0; Win64; x64) AppleWebKit/537.36 (KHTML, like Gecko) Chrome/141.0.0.0 Safari/537.36\"","service":"acquisitions-api"}
{"level":"info","message":"Fetched all users, count: 2","service":"acquisitions-api"}
{"level":"info","message":"::1 - - [19/Oct/2025:13:51:23 +0000] \"GET /api/auth/users HTTP/1.1\" - - \"-\" \"HTTPie\"","service":"acquisitions-api"}
